<?xml version="1.0" encoding="UTF-8"?>
<!-- Generated by org.testng.reporters.JUnitReportReporter -->
<testsuite hostname="LAPTOP-V0HJLHIK" failures="0" tests="2" name="Obsqura.BeforeAfterMethod" time="0.026" errors="0" timestamp="2024-08-08T02:33:23 IST" skipped="0">
  <testcase classname="Obsqura.BeforeAfterMethod" name="dispaly" time="0.023"/>
  <testcase classname="Obsqura.BeforeAfterMethod" name="show" time="0.003"/>
</testsuite> <!-- Obsqura.BeforeAfterMethod -->
