<?xml version="1.0" encoding="UTF-8"?>
<!-- Generated by org.testng.reporters.JUnitReportReporter -->
<testsuite hostname="LAPTOP-V0HJLHIK" failures="0" tests="2" name="Obsqura.BeforeAfterTest" time="0.012" errors="0" timestamp="2024-08-08T02:30:28 IST" skipped="0">
  <testcase classname="Obsqura.BeforeAfterTest" name="sub" time="0.010"/>
  <testcase classname="Obsqura.BeforeAfterTest" name="sum" time="0.002"/>
</testsuite> <!-- Obsqura.BeforeAfterTest -->
