<?xml version="1.0" encoding="UTF-8"?>
<!-- Generated by org.testng.reporters.JUnitReportReporter -->
<testsuite hostname="LAPTOP-V0HJLHIK" failures="0" tests="1" name="testscripts.InputFormPageTest" time="4.455" errors="0" timestamp="2024-08-09T07:50:23 IST" skipped="0">
  <testcase classname="testscripts.InputFormPageTest" name="sumoftwonumbers" time="4.455"/>
</testsuite> <!-- testscripts.InputFormPageTest -->
