<?xml version="1.0" encoding="UTF-8"?>
<!-- Generated by org.testng.reporters.JUnitReportReporter -->
<testsuite hostname="LAPTOP-V0HJLHIK" failures="0" tests="1" name="Obsqura.BeforeAfterClass" time="0.015" errors="0" timestamp="2024-08-08T02:23:26 IST" skipped="0">
  <testcase classname="Obsqura.BeforeAfterClass" name="sample" time="0.015"/>
</testsuite> <!-- Obsqura.BeforeAfterClass -->
