<?xml version="1.0" encoding="UTF-8"?>
<!-- Generated by org.testng.reporters.JUnitReportReporter -->
<testsuite hostname="LAPTOP-V0HJLHIK" failures="0" tests="3" name="Obsqura.NewTest" time="0.010" errors="0" timestamp="2024-08-08T07:11:50 IST" skipped="0">
  <testcase classname="Obsqura.NewTest" name="show" time="0.007"/>
  <testcase classname="Obsqura.NewTest" name="view" time="0.002"/>
  <testcase classname="Obsqura.NewTest" name="display" time="0.001"/>
</testsuite> <!-- Obsqura.NewTest -->
