<?xml version="1.0" encoding="UTF-8"?>
<!-- Generated by org.testng.reporters.JUnitReportReporter -->
<testsuite hostname="LAPTOP-V0HJLHIK" failures="0" tests="1" name="Obsqura.BeforeAfterClass" time="0.006" errors="0" timestamp="2024-08-07T07:58:24 IST" skipped="0">
  <testcase classname="Obsqura.BeforeAfterClass" name="sample" time="0.006"/>
</testsuite> <!-- Obsqura.BeforeAfterClass -->
